#fOrTyTwO
$hz=100;
$XS_VERSION='DProf 20050603.00';
# All values are given in HZ
$over_utime=3; $over_stime=0; $over_rtime=2;
$over_tests=10000;
$rrun_utime=15; $rrun_stime=2; $rrun_rtime=16;
$total_marks=3320                                                                                                                                                                                

PART2
@ 1 0 1
& 2 __par_pl BEGIN
+ 2
& 3 Internals::PAR BOOT
+ 3
- 3
& 4 __par_pl _par_init_env
+ 4
- 4
@ 1 0 0
& 5 __par_pl _set_progname
+ 5
- 5
& 6 __par_pl _set_par_temp
+ 6
- 6
& 7 IO::File BEGIN
+ 7
- 7
+ 7
& 8 strict bits
+ 8
- 8
& 9 strict import
+ 9
- 9
- 7
& a IO::File BEGIN
+ a
& b Exporter import
+ b
- b
- a
+ a
& c Symbol BEGIN
+ c
- c
+ b
- b
- a
+ a
& d SelectSaver BEGIN
+ d
+ b
- b
- d
+ d
+ b
- b
- d
- a
+ a
& e IO::Seekable BEGIN
+ e
- e
+ e
+ b
- b
- e
+ e
+ 9
- 9
- e
& f IO::Seekable BEGIN
+ f
& 10 IO::Handle BEGIN
+ 10
- 10
+ 10
+ 9
- 9
- 10
& 11 IO::Handle BEGIN
+ 11
+ b
- b
- 11
+ 11
+ b
- b
- 11
+ 11
- 11
+ 11
& 12 IO BEGIN
+ 12
- 12
+ 12
+ b
- b
- 12
+ 12
+ 9
- 9
- 12
+ 12
& 13 warnings BEGIN
+ 13
- 13
& 14 warnings import
+ 14
- 14
- 12
& 15 XSLoader load
+ 15
& 16 DynaLoader dl_load_file
+ 16
@ 0 0 1
- 16
& 17 DynaLoader dl_undef_symbols
+ 17
- 17
& 18 DynaLoader dl_find_symbol
+ 18
- 18
& 19 DynaLoader dl_install_xsub
+ 19
- 19
& 1a IO bootstrap
+ 1a
- 1a
- 15
- 11
& 1b IO::Handle BEGIN
+ 1b
& 1c strict unimport
+ 1c
+ 8
- 8
- 1c
- 1b
- f
+ f
& 1d Fcntl BEGIN
+ 1d
- 1d
+ 15
+ 16
- 16
+ 17
- 17
+ 18
- 18
+ 19
- 19
& 1e Fcntl bootstrap
+ 1e
- 1e
- 15
+ b
- b
- f
+ b
- b
- a
+ a
& 1f File::Spec BEGIN
+ 1f
+ 9
- 9
- 1f
+ 1f
& 20 vars BEGIN
+ 20
- 20
& 21 vars BEGIN
+ 21
@ 1 0 0
& 22 warnings::register import
+ 22
& 23 warnings::register mkMask
+ 23
- 23
+ 23
- 23
- 22
- 21
+ 21
+ 9
+ 8
- 8
- 9
- 21
& 24 vars import
+ 24
- 24
- 1f
& 25 File::Spec::Unix BEGIN
+ 25
+ 9
- 9
- 25
+ 25
+ 24
- 24
- 25
& 26 File::Spec::Unix BEGIN
+ 26
+ 1c
+ 8
- 8
- 1c
- 26
- a
+ b
- b
& 27 Archive::Zip BEGIN
+ 27
- 27
+ 27
+ 9
- 9
- 27
+ 27
- 27
+ 27
- 27
+ 27
- 27
+ 27
- 27
+ 27
& 28 Compress::Zlib BEGIN
+ 28
& 29 AutoLoader BEGIN
+ 29
+ 9
- 9
- 29
+ 29
- 29
& 2a AutoLoader BEGIN
+ 2a
- 2a
& 2b AutoLoader BEGIN
+ 2b
+ 1c
+ 8
- 8
- 1c
- 2b
& 2c AutoLoader BEGIN
+ 2c
+ 1c
+ 8
- 8
- 1c
- 2c
& 2d AutoLoader BEGIN
+ 2d
+ 1c
+ 8
- 8
- 1c
- 2d
& 2e AutoLoader BEGIN
+ 2e
+ 1c
+ 8
- 8
- 1c
- 2e
& 2f AutoLoader import
+ 2f
- 2f
- 28
+ 28
+ b
- b
- 28
+ 28
+ b
- b
- 28
+ 28
+ 9
- 9
- 28
+ 28
+ 14
- 14
- 28
& 30 Compress::Zlib BEGIN
+ 30
+ 1c
+ 8
- 8
- 1c
- 30
@ 0 0 1
& 31 Compress::Zlib BEGIN
+ 31
& 32 warnings unimport
+ 32
- 32
- 31
& 33 Compress::Zlib BEGIN
+ 33
+ 32
- 32
- 33
& 34 Compress::Zlib BEGIN
+ 34
+ 32
- 32
- 34
& 35 Compress::Zlib BEGIN
+ 35
& 36 constant BEGIN
+ 36
+ 9
- 9
- 36
+ 36
- 36
+ 36
+ 22
+ 23
- 23
+ 23
- 23
- 22
- 36
@ 1 0 0
& 37 constant BEGIN
+ 37
+ 1c
+ 8
- 8
- 1c
- 37
& 38 constant import
+ 38
- 38
- 35
+ 35
+ 38
- 38
- 35
+ 35
+ 38
- 38
- 35
+ 35
+ 38
- 38
- 35
+ 35
+ 38
- 38
- 35
+ 35
+ 38
- 38
- 35
+ 35
+ 38
- 38
- 35
+ 35
+ 38
- 38
- 35
+ 35
+ 38
- 38
- 35
+ 35
+ 38
- 38
- 35
+ 35
+ 38
- 38
- 35
+ 15
+ 16
- 16
+ 17
- 17
+ 18
- 18
+ 19
- 19
& 39 Compress::Zlib bootstrap
+ 39
- 39
- 15
& 3a Compress::Zlib AUTOLOAD
+ 3a
& 3b Compress::Zlib constant
+ 3b
- 3b
& 3c Compress::Zlib __ANON__
* 3c
- 3a
+ 3a
+ 3b
- 3b
& 3d Compress::Zlib __ANON__
* 3d
- 3a
+ 3a
+ 3b
- 3b
& 3e Compress::Zlib __ANON__
* 3e
- 3a
+ 3a
+ 3b
- 3b
& 3f Compress::Zlib __ANON__
* 3f
- 3a
+ 3a
+ 3b
- 3b
& 40 Compress::Zlib __ANON__
* 40
- 3a
+ 3e
- 3e
- 27
+ 27
- 27
+ 27
& 41 File::Temp BEGIN
+ 41
- 41
+ 41
+ 9
- 9
- 41
+ 41
+ b
- b
- 41
& 42 File::Temp BEGIN
+ 42
& 43 UNIVERSAL VERSION
+ 43
- 43
+ b
- b
- 42
+ 42
& 44 File::Path BEGIN
+ 44
- 44
+ 44
+ b
- b
- 44
+ 44
& 45 File::Basename BEGIN
+ 45
& 46 re import
+ 46
& 47 re bits
+ 47
- 47
- 46
- 45
+ 45
+ 9
- 9
- 45
+ 45
- 45
+ 45
+ 14
- 14
- 45
& 48 File::Basename BEGIN
+ 48
- 48
& 49 File::Basename fileparse_set_fstype
+ 49
- 49
- 44
+ 44
- 44
+ 44
+ 9
- 9
- 44
+ 44
+ 14
- 14
- 44
& 4a File::Path BEGIN
+ 4a
+ 1c
+ 8
- 8
- 1c
- 4a
@ 0 0 1
+ b
- b
- 42
& 4b File::Temp BEGIN
+ 4b
+ 43
- 43
+ b
- b
- 4b
& 4c File::Temp BEGIN
+ 4c
& 4d Errno BEGIN
+ 4d
- 4d
+ 4d
+ 9
- 9
- 4d
& 4e Errno BEGIN
+ 4e
+ 1c
+ 8
- 8
- 1c
- 4e
& 4f Errno TIEHASH
+ 4f
- 4f
+ b
- b
- 4c
& 50 File::Temp BEGIN
+ 50
& 51 base BEGIN
+ 51
+ 9
+ 8
- 8
- 9
- 51
+ 51
+ 24
- 24
- 51
& 52 base import
+ 52
& 53 UNIVERSAL isa
+ 53
- 53
& 54 base has_version
+ 54
- 54
& 55 base has_fields
+ 55
- 55
& 56 base has_attr
+ 56
- 56
- 52
- 50
+ 50
@ 0 1 0
& 57 overload BEGIN
+ 57
+ 22
+ 23
- 23
+ 23
- 23
- 22
- 57
& 58 overload import
+ 58
& 59 overload OVERLOAD
+ 59
- 59
- 58
- 50
+ 50
+ 24
- 24
- 50
& 5a File::Temp BEGIN
+ 5a
+ 52
+ 53
- 53
- 52
- 5a
& 5b File::Temp BEGIN
+ 5b
+ 38
- 38
- 5b
+ 5b
+ 38
- 38
- 5b
+ 5b
+ 38
- 38
- 5b
+ 5b
+ 38
- 38
- 5b
+ 5b
+ 38
- 38
- 5b
+ 5b
+ 38
- 38
- 5b
& 5c File::Temp BEGIN
+ 5c
+ 1c
+ 8
- 8
- 1c
- 5c
& 5d File::Temp BEGIN
+ 5d
+ 1c
+ 8
- 8
- 1c
- 5d
@ 0 0 1
& 5e Exporter export_tags
+ 5e
& 5f Exporter as_heavy
+ 5f
& 60 Exporter::Heavy BEGIN
+ 60
+ 9
- 9
- 60
+ 60
+ 1c
+ 8
- 8
- 1c
- 60
@ 1 0 0
- 5f
& 61 Exporter::Heavy heavy_export_tags
* 61
& 62 Exporter::Heavy _push_tags
+ 62
- 62
- 5e
& 63 Fcntl AUTOLOAD
+ 63
& 64 Fcntl constant
+ 64
- 64
& 65 Fcntl __ANON__
* 65
- 63
+ 63
+ 64
- 64
& 66 Fcntl __ANON__
* 66
- 63
+ 63
+ 64
- 64
& 67 Fcntl __ANON__
* 67
- 63
+ 63
+ 64
- 64
& 68 Fcntl __ANON__
* 68
- 63
+ 63
+ 64
- 64
& 69 Fcntl __ANON__
* 69
- 63
+ 63
+ 64
- 64
& 6a Fcntl __ANON__
* 6a
- 63
+ 63
+ 64
- 64
& 6b File::Temp __ANON__
+ 6b
- 6b
/ 63
+ 63
+ 64
- 64
+ 6b
- 6b
/ 63
+ 63
+ 64
- 64
& 6c File::Temp __ANON__
+ 6c
- 6c
/ 63
- 27
+ 27
+ 24
- 24
- 27
+ 27
- 27
+ 27
+ 24
- 24
- 27
& 6d Archive::Zip BEGIN
+ 6d
+ 24
- 24
- 6d
+ 6d
& 6e Exporter export_ok_tags
+ 6e
+ 5f
- 5f
& 6f Exporter::Heavy heavy_export_ok_tags
* 6f
+ 62
- 62
- 6e
- 6d
+ 6d
+ 38
- 38
- 6d
+ 6d
+ 38
- 38
- 6d
+ 6d
+ 38
- 38
- 6d
+ 6d
+ 38
- 38
- 6d
+ 6d
+ 38
- 38
- 6d
+ 6d
+ 38
- 38
- 6d
+ 6d
+ 38
- 38
- 6d
+ 6d
+ 38
- 38
- 6d
+ 6d
+ 38
- 38
- 6d
+ 6d
+ 38
- 38
- 6d
+ 6d
+ 38
- 38
- 6d
+ 6d
+ 38
- 38
- 6d
+ 6d
+ 38
- 38
- 6d
+ 6d
+ 38
- 38
- 6d
+ 6d
+ 38
- 38
- 6d
+ 6d
+ 38
- 38
- 6d
+ 6d
+ 38
- 38
- 6d
+ 6d
+ 38
- 38
- 6d
+ 6d
+ 38
- 38
- 6d
+ 6d
+ 38
- 38
- 6d
+ 6d
+ 38
- 38
- 6d
+ 6d
+ 38
- 38
- 6d
+ 6d
+ 38
- 38
- 6d
+ 6d
+ 38
- 38
- 6d
+ 6d
+ 38
- 38
- 6d
+ 6d
+ 38
- 38
- 6d
+ 6d
+ 38
- 38
- 6d
+ 6d
+ 38
- 38
- 6d
+ 6d
+ 38
- 38
- 6d
+ 6d
+ 38
- 38
- 6d
+ 6d
+ 38
- 38
- 6d
+ 6d
+ 38
- 38
- 6d
+ 6d
+ 38
- 38
- 6d
+ 6d
+ 38
- 38
- 6d
+ 6d
+ 38
- 38
- 6d
+ 6d
+ 38
- 38
- 6d
+ 6d
+ 38
- 38
- 6d
+ 6d
+ 38
- 38
- 6d
+ 6d
+ 38
- 38
- 6d
+ 6d
+ 38
- 38
- 6d
+ 6d
+ 38
- 38
- 6d
+ 6d
+ 38
- 38
- 6d
+ 6d
+ 38
- 38
- 6d
+ 6d
+ 38
- 38
- 6d
+ 6d
+ 38
- 38
- 6d
+ 6d
+ 38
- 38
- 6d
+ 6d
+ 38
- 38
- 6d
+ 6d
+ 38
- 38
- 6d
+ 6d
+ 38
- 38
- 6d
+ 6d
+ 38
- 38
- 6d
+ 6d
+ 38
- 38
- 6d
+ 6d
+ 38
- 38
- 6d
+ 6d
+ 38
- 38
- 6d
+ 6d
+ 38
- 38
- 6d
+ 6d
+ 38
- 38
- 6d
+ 6d
+ 38
- 38
- 6d
+ 6d
+ 38
- 38
- 6d
+ 6d
+ 38
- 38
- 6d
+ 6d
+ 38
- 38
- 6d
+ 6d
+ 38
- 38
- 6d
+ 6d
+ 38
- 38
- 6d
+ 6d
+ 38
- 38
- 6d
+ 6d
+ 38
- 38
- 6d
+ 6d
+ 38
- 38
- 6d
+ 6d
+ 38
- 38
- 6d
+ 6d
+ 38
- 38
- 6d
+ 6d
+ 38
- 38
- 6d
+ 6d
+ 38
- 38
- 6d
+ 6d
+ 38
- 38
- 6d
& 70 Archive::Zip BEGIN
+ 70
+ 38
- 38
- 70
+ 70
+ 38
- 38
- 70
@ 0 0 1
& 71 Archive::Zip::Archive BEGIN
+ 71
+ 9
- 9
- 71
@ 1 0 0
+ 71
+ b
- b
- 71
+ 71
& 72 File::Find BEGIN
+ 72
- 72
+ 72
+ 9
- 9
- 72
+ 72
+ 14
- 14
- 72
+ 72
+ 22
+ 23
- 23
+ 23
- 23
- 22
- 72
& 73 File::Find BEGIN
+ 73
+ 9
- 9
- 73
& 74 Cwd BEGIN
+ 74
+ 9
- 9
- 74
+ 74
+ b
- b
- 74
+ 74
+ 24
- 24
- 74
& 75 Cwd BEGIN
+ 75
+ 1c
+ 8
- 8
- 1c
- 75
+ 15
+ 16
- 16
+ 17
- 17
+ 18
- 18
+ 19
- 19
& 76 Cwd bootstrap
+ 76
- 76
- 15
& 77 File::Spec::Unix curdir
+ 77
- 77
& 78 Config BEGIN
+ 78
+ 9
- 9
- 78
@ 0 0 1
& 79 Config BEGIN
+ 79
+ 1c
+ 8
- 8
- 1c
- 79
& 7a Config TIEHASH
+ 7a
- 7a
& 7b Config FETCH
+ 7b
- 7b
& 7c Scalar::Util BEGIN
+ 7c
+ 9
- 9
- 7c
+ 7c
+ 24
- 24
- 7c
& 7d List::Util BEGIN
+ 7d
+ 9
- 9
- 7d
+ 7d
+ 24
- 24
- 7d
@ 1 0 0
+ 15
+ 16
- 16
+ 17
- 17
+ 18
- 18
+ 19
- 19
& 7e List::Util bootstrap
+ 7e
- 7e
- 15
- 71
+ 71
- 71
+ 71
& 7f File::Copy BEGIN
+ 7f
- 7f
+ 7f
+ 9
- 9
- 7f
+ 7f
+ 14
- 14
- 7f
+ 7f
+ b
- b
- 7f
+ 7f
+ b
- b
- 7f
+ 7f
& 80 Config import
+ 80
- 80
- 7f
- 71
+ 71
+ b
- b
- 71
+ 71
+ b
- b
- 71
+ 71
+ 24
- 24
- 71
+ 71
- 71
+ 71
+ b
& 81 Exporter export
+ 81
+ 5f
- 5f
& 82 Exporter::Heavy heavy_export
* 82
- 81
- b
- 71
@ 1 0 1
& 83 Archive::Zip::Member BEGIN
+ 83
+ 9
- 9
- 83
+ 83
+ 24
- 24
- 83
+ 83
- 83
+ 83
+ b
+ 81
+ 5f
- 5f
* 82
- 81
- b
- 83
+ 83
& 84 Time::Local BEGIN
+ 84
+ b
- b
- 84
+ 84
+ 80
- 80
- 84
+ 84
+ 9
- 9
- 84
+ 84
& 85 integer import
+ 85
- 85
- 84
+ 84
+ 24
- 24
- 84
& 86 Time::Local BEGIN
+ 86
& 87 integer unimport
+ 87
- 87
- 86
& 88 Time::Local BEGIN
+ 88
+ 87
- 87
- 88
& 89 Time::Local BEGIN
+ 89
+ 87
- 87
- 89
+ 7b
- 7b
& 8a Time::Local _daygm
+ 8a
- 8a
- 83
+ 83
+ b
- b
- 83
& 8b Archive::Zip::Member BEGIN
+ 8b
+ b
- b
- 8b
+ 8b
+ b
- b
- 8b
+ 8b
+ 38
- 38
- 8b
+ 8b
+ 38
- 38
- 8b
+ 8b
+ 38
- 38
- 8b
+ 8b
+ 38
- 38
- 8b
+ 8b
+ 38
- 38
- 8b
+ 8b
+ 38
- 38
- 8b
+ 8b
+ 38
- 38
- 8b
+ 8b
+ 38
- 38
- 8b
& 8c Archive::Zip::FileMember BEGIN
+ 8c
+ 9
- 9
- 8c
+ 8c
+ 24
- 24
- 8c
@ 0 0 1
+ 8c
- 8c
+ 8c
+ b
+ 81
+ 5f
- 5f
* 82
- 81
- b
- 8c
& 8d Archive::Zip::DirectoryMember BEGIN
+ 8d
+ 9
- 9
- 8d
+ 8d
+ b
- b
- 8d
+ 8d
+ 24
- 24
- 8d
+ 8d
- 8d
+ 8d
+ b
+ 81
+ 5f
- 5f
* 82
- 81
- b
- 8d
@ 1 0 0
& 8e Archive::Zip::ZipFileMember BEGIN
+ 8e
+ 9
- 9
- 8e
+ 8e
+ 24
- 24
- 8e
+ 8e
- 8e
+ 8e
+ b
+ 81
+ 5f
- 5f
* 82
- 81
- b
- 8e
& 8f Archive::Zip::NewFileMember BEGIN
+ 8f
+ 9
- 9
- 8f
+ 8f
+ 24
- 24
- 8f
+ 8f
- 8f
+ 8f
+ b
+ 81
+ 5f
- 5f
* 82
- 81
- b
- 8f
& 90 Archive::Zip::StringMember BEGIN
+ 90
+ 9
- 9
- 90
+ 90
+ 24
- 24
- 90
+ 90
- 90
+ 90
+ b
+ 81
+ 5f
- 5f
* 82
- 81
- b
- 90
& 91 __par_pl CreatePath
+ 91
& 92 File::Basename fileparse
+ 92
- 92
- 91
+ 65
- 65
+ 63
+ 64
- 64
& 93 Fcntl __ANON__
* 93
- 63
+ 63
+ 64
- 64
& 94 Fcntl __ANON__
* 94
- 63
& 95 IO::File new
+ 95
& 96 IO::Handle new
+ 96
& 97 Symbol gensym
+ 97
- 97
- 96
& 98 IO::File open
+ 98
- 98
- 95
& 99 IO::Handle print
+ 99
- 99
@ 0 0 1
& 9a PAR::Heavy _init_dynaloader
+ 9a
& 9b DynaLoader BEGIN
+ 9b
+ 24
- 24
- 9b
& 9c DynaLoader BEGIN
+ 9c
+ 80
- 80
- 9c
+ 7b
- 7b
+ 7b
- 7b
+ 7b
- 7b
+ 7b
- 7b
& 9d AutoLoader AUTOLOAD
+ 9d
& 9e AutoLoader find_filename
+ 9e
- 9e
& 9f DynaLoader dl_findfile
* 9f
- 9d
- 9a
& a0 __par_pl init_inc
+ a0
+ 7b
- 7b
+ 7b
- 7b
+ 7b
- 7b
+ 7b
- 7b
+ 7b
& a1 Config AUTOLOAD
+ a1
& a2 Config BEGIN
+ a2
+ 9
- 9
- a2
@ 1 0 0
& a3 Config launcher
* a3
& a4 Config fetch_string
* a4
- a1
- 7b
+ 7b
+ a4
- a4
- 7b
- a0
& a5 __par_pl require_modules
+ a5
& a6 lib BEGIN
+ a6
+ 80
- 80
- a6
+ a6
+ 9
- 9
- a6
+ 7b
- 7b
+ 7b
- 7b
+ 7b
- 7b
& a7 Carp BEGIN
+ a7
+ b
- b
- a7
& a8 Carp BEGIN
+ a8
+ 1c
+ 8
- 8
- 1c
- a8
+ a8
+ 32
- 32
- a8
& a9 PAR BEGIN
+ a9
- a9
+ a9
+ 9
- 9
- a9
+ a9
+ 14
- 14
- a9
+ a9
+ 80
- 80
- a9
+ a9
+ b
- b
- a9
+ a9
- a9
+ a9
+ 24
- 24
- a9
+ a9
+ 24
- 24
- a9
+ a9
+ 24
- 24
- a9
+ a9
+ 24
- 24
- a9
+ a9
+ 24
- 24
- a9
+ a9
+ 24
- 24
- a9
+ a9
+ 24
- 24
- a9
@ 0 0 1
& aa PAR BEGIN
+ aa
& ab bytes import
+ ab
- ab
- aa
+ 7b
- 7b
+ 7b
- 7b
& ac PAR::Dist BEGIN
+ ac
+ 24
- 24
- ac
& ad PAR::Dist BEGIN
+ ad
+ 9
- 9
- ad
+ ad
+ b
- b
- ad
+ ad
+ b
- b
- ad
& ae PAR::Dist BEGIN
+ ae
& af File::Glob BEGIN
+ af
+ 9
- 9
- af
& b0 File::Glob BEGIN
+ b0
- b0
@ 1 0 0
+ 15
+ 16
- 16
+ 17
- 17
+ 18
- 18
+ 19
- 19
& b1 File::Glob bootstrap
+ b1
- b1
- 15
& b2 File::Glob GLOB_CSH
+ b2
& b3 File::Glob AUTOLOAD
+ b3
& b4 File::Glob constant
+ b4
- b4
& b5 File::Glob GLOB_BRACE
* b5
- b3
+ b3
+ b4
- b4
& b6 File::Glob GLOB_NOMAGIC
* b6
- b3
+ b3
+ b4
- b4
& b7 File::Glob GLOB_QUOTE
* b7
- b3
+ b3
+ b4
- b4
& b8 File::Glob GLOB_TILDE
* b8
- b3
+ b3
+ b4
- b4
& b9 File::Glob GLOB_ALPHASORT
* b9
- b3
- b2
- ae
@ 0 0 1
& ba PAR::Filter::PodStrip BEGIN
+ ba
- ba
+ ba
+ 9
- 9
- ba
+ ba
+ 14
- 14
- ba
+ ba
+ 52
+ 53
- 53
+ 54
- 54
& bb PAR::Filter BEGIN
+ bb
- bb
+ bb
+ 9
- 9
- bb
+ bb
+ 14
- 14
- bb
+ 55
- 55
+ 56
- 56
- 52
- ba
& bc PAR::Filter::PodStrip BEGIN
+ bc
+ 32
- 32
- bc
- a5
+ 7b
+ a4
- a4
- 7b
& bd __par_pl outs
+ bd
- bd
& be PAR::Filter new
+ be
- be
& bf PAR::Filter::PodStrip apply
+ bf
- bf
+ bd
- bd
+ 99
- 99
+ 99
- 99
& c0 Archive::Zip computeCRC32
+ c0
& c1 Compress::Zlib crc32
+ c1
- c1
- c0
+ 99
- 99
+ 99
- 99
+ 99
- 99
+ bd
- bd
+ bd
- bd
+ 99
- 99
+ 99
- 99
+ c0
+ c1
- c1
- c0
+ 99
- 99
+ 99
- 99
+ 99
@ 0 1 0
- 99
+ bd
- bd
+ be
- be
+ bf
- bf
+ bd
- bd
+ 99
- 99
+ 99
- 99
+ c0
+ c1
- c1
- c0
+ 99
- 99
+ 99
- 99
+ 99
- 99
+ bd
- bd
+ be
- be
+ bf
- bf
+ bd
- bd
+ 99
- 99
+ 99
- 99
+ c0
+ c1
- c1
- c0
+ 99
- 99
+ 99
- 99
+ 99
- 99
+ bd
- bd
+ be
- be
+ bf
- bf
+ bd
- bd
+ 99
- 99
+ 99
- 99
+ c0
+ c1
- c1
- c0
+ 99
- 99
+ 99
- 99
+ 99
- 99
+ bd
- bd
+ be
- be
+ bf
- bf
+ bd
- bd
+ 99
- 99
+ 99
- 99
+ c0
+ c1
- c1
- c0
+ 99
- 99
+ 99
- 99
+ 99
- 99
+ bd
- bd
+ be
- be
+ bf
- bf
+ bd
- bd
+ 99
- 99
+ 99
- 99
+ c0
+ c1
- c1
- c0
+ 99
- 99
+ 99
- 99
+ 99
- 99
+ bd
- bd
+ be
- be
+ bf
- bf
+ bd
- bd
+ 99
- 99
+ 99
- 99
+ c0
+ c1
- c1
- c0
+ 99
- 99
+ 99
- 99
+ 99
- 99
+ bd
- bd
+ be
- be
+ bf
- bf
+ bd
- bd
+ 99
- 99
+ 99
- 99
+ c0
+ c1
- c1
- c0
+ 99
- 99
+ 99
- 99
+ 99
- 99
+ bd
- bd
+ be
- be
+ bf
- bf
+ bd
- bd
+ 99
- 99
+ 99
- 99
+ c0
+ c1
- c1
- c0
+ 99
- 99
+ 99
- 99
+ 99
- 99
+ bd
- bd
+ be
- be
+ bf
- bf
+ bd
- bd
+ 99
- 99
+ 99
- 99
+ c0
+ c1
- c1
- c0
+ 99
- 99
+ 99
- 99
+ 99
- 99
+ bd
- bd
+ be
- be
+ bf
- bf
+ bd
- bd
+ 99
- 99
+ 99
- 99
+ c0
+ c1
- c1
- c0
+ 99
- 99
+ 99
- 99
+ 99
- 99
+ bd
- bd
+ be
- be
+ bf
- bf
+ bd
- bd
+ 99
- 99
+ 99
- 99
+ c0
+ c1
- c1
- c0
+ 99
- 99
+ 99
- 99
+ 99
- 99
+ bd
- bd
+ bd
- bd
+ 99
- 99
+ 99
- 99
+ c0
+ c1
- c1
- c0
+ 99
- 99
+ 99
- 99
+ 99
- 99
+ bd
- bd
+ be
- be
+ bf
- bf
+ bd
- bd
+ 99
- 99
+ 99
- 99
+ c0
+ c1
- c1
- c0
+ 99
- 99
+ 99
- 99
+ 99
- 99
+ bd
- bd
+ bd
- bd
+ 99
- 99
+ 99
- 99
+ c0
+ c1
- c1
- c0
+ 99
- 99
+ 99
- 99
+ 99
- 99
+ bd
- bd
+ bd
- bd
+ 99
- 99
+ 99
- 99
+ c0
+ c1
- c1
- c0
+ 99
- 99
+ 99
- 99
+ 99
- 99
@ 1 0 0
+ bd
- bd
+ bd
- bd
+ 99
- 99
+ 99
- 99
+ c0
+ c1
- c1
- c0
+ 99
- 99
+ 99
- 99
+ 99
- 99
+ bd
- bd
+ bd
- bd
+ 99
- 99
+ 99
- 99
+ c0
+ c1
- c1
- c0
+ 99
- 99
+ 99
- 99
+ 99
- 99
+ bd
- bd
+ be
- be
+ bf
- bf
+ bd
- bd
+ 99
- 99
+ 99
- 99
+ c0
+ c1
- c1
- c0
+ 99
- 99
+ 99
- 99
+ 99
- 99
+ bd
- bd
+ be
- be
+ bf
- bf
+ bd
- bd
+ 99
- 99
+ 99
- 99
+ c0
+ c1
- c1
- c0
+ 99
- 99
+ 99
- 99
+ 99
- 99
+ bd
- bd
+ be
- be
+ bf
- bf
+ bd
- bd
+ 99
- 99
+ 99
- 99
+ c0
+ c1
- c1
- c0
+ 99
- 99
+ 99
- 99
+ 99
- 99
+ bd
- bd
+ bd
- bd
+ 99
- 99
+ 99
- 99
+ c0
+ c1
- c1
- c0
+ 99
- 99
+ 99
- 99
+ 99
- 99
+ bd
- bd
+ be
- be
+ bf
@ 0 0 1
- bf
+ bd
- bd
+ 99
- 99
+ 99
- 99
+ c0
+ c1
- c1
- c0
+ 99
- 99
+ 99
- 99
+ 99
- 99
+ bd
- bd
+ bd
- bd
+ 99
- 99
+ 99
- 99
+ c0
+ c1
- c1
- c0
+ 99
- 99
+ 99
- 99
+ 99
- 99
+ bd
- bd
+ be
- be
+ bf
- bf
+ bd
- bd
+ 99
- 99
+ 99
- 99
+ c0
+ c1
- c1
- c0
+ 99
- 99
+ 99
- 99
+ 99
- 99
+ bd
- bd
+ be
- be
+ bf
- bf
+ bd
- bd
+ 99
- 99
+ 99
- 99
+ c0
+ c1
- c1
- c0
+ 99
- 99
+ 99
- 99
+ 99
- 99
+ bd
- bd
+ be
- be
+ bf
- bf
+ bd
- bd
+ 99
- 99
+ 99
- 99
+ c0
+ c1
- c1
- c0
+ 99
- 99
+ 99
- 99
+ 99
- 99
+ bd
- bd
+ be
- be
+ bf
- bf
+ bd
- bd
+ 99
- 99
+ 99
- 99
+ c0
+ c1
- c1
- c0
+ 99
- 99
+ 99
- 99
+ 99
- 99
+ bd
- bd
+ be
- be
+ bf
- bf
+ bd
- bd
+ 99
- 99
+ 99
- 99
+ c0
+ c1
- c1
- c0
+ 99
- 99
+ 99
- 99
+ 99
- 99
+ bd
- bd
+ be
- be
+ bf
- bf
+ bd
- bd
+ 99
- 99
+ 99
- 99
+ c0
+ c1
- c1
- c0
+ 99
- 99
+ 99
- 99
+ 99
- 99
+ bd
- bd
+ be
- be
+ bf
- bf
+ bd
- bd
+ 99
- 99
+ 99
- 99
+ c0
+ c1
- c1
- c0
+ 99
- 99
+ 99
- 99
+ 99
- 99
+ bd
- bd
+ be
- be
+ bf
- bf
+ bd
- bd
+ 99
- 99
+ 99
- 99
+ c0
+ c1
- c1
- c0
+ 99
- 99
+ 99
- 99
+ 99
- 99
+ bd
- bd
+ be
- be
+ bf
- bf
+ bd
- bd
+ 99
- 99
+ 99
- 99
+ c0
+ c1
- c1
- c0
+ 99
- 99
+ 99
- 99
+ 99
- 99
+ bd
- bd
+ be
- be
+ bf
@ 0 0 1
- bf
+ bd
- bd
+ 99
- 99
+ 99
- 99
+ c0
+ c1
- c1
- c0
+ 99
- 99
+ 99
- 99
+ 99
- 99
+ bd
- bd
+ be
- be
+ bf
@ 1 0 0
- bf
+ bd
- bd
+ 99
- 99
+ 99
- 99
+ c0
+ c1
- c1
- c0
+ 99
- 99
+ 99
- 99
+ 99
- 99
+ bd
- bd
+ be
- be
+ bf
- bf
+ bd
- bd
+ 99
- 99
+ 99
- 99
+ c0
+ c1
- c1
- c0
+ 99
- 99
+ 99
- 99
+ 99
- 99
+ bd
- bd
+ be
- be
+ bf
- bf
+ bd
- bd
+ 99
- 99
+ 99
- 99
+ c0
+ c1
- c1
- c0
+ 99
- 99
+ 99
- 99
+ 99
- 99
+ bd
- bd
+ be
- be
+ bf
- bf
+ bd
- bd
+ 99
- 99
+ 99
- 99
+ c0
+ c1
- c1
- c0
+ 99
- 99
+ 99
- 99
+ 99
- 99
+ bd
- bd
+ be
- be
+ bf
- bf
+ bd
- bd
+ 99
- 99
+ 99
- 99
+ c0
+ c1
- c1
- c0
+ 99
- 99
+ 99
- 99
+ 99
- 99
+ bd
- bd
+ be
- be
+ bf
- bf
+ bd
- bd
+ 99
- 99
+ 99
- 99
+ c0
+ c1
- c1
- c0
+ 99
- 99
+ 99
- 99
+ 99
- 99
+ bd
- bd
+ be
- be
+ bf
- bf
+ bd
- bd
+ 99
- 99
+ 99
- 99
+ c0
+ c1
- c1
- c0
+ 99
- 99
+ 99
- 99
+ 99
- 99
+ bd
- bd
+ be
- be
+ bf
- bf
+ bd
- bd
+ 99
- 99
+ 99
- 99
+ c0
+ c1
- c1
- c0
+ 99
- 99
+ 99
- 99
+ 99
- 99
+ bd
- bd
+ be
- be
+ bf
- bf
+ bd
- bd
+ 99
- 99
+ 99
- 99
+ c0
+ c1
- c1
- c0
+ 99
- 99
+ 99
- 99
+ 99
- 99
+ bd
- bd
+ be
- be
+ bf
- bf
+ bd
- bd
+ 99
- 99
+ 99
- 99
+ c0
+ c1
- c1
- c0
+ 99
- 99
+ 99
- 99
+ 99
- 99
+ bd
- bd
+ be
- be
+ bf
- bf
+ bd
- bd
+ 99
- 99
+ 99
- 99
+ c0
+ c1
- c1
- c0
+ 99
- 99
+ 99
- 99
+ 99
- 99
+ bd
- bd
+ be
- be
+ bf
- bf
+ bd
- bd
+ 99
- 99
+ 99
- 99
+ c0
+ c1
- c1
- c0
+ 99
- 99
+ 99
- 99
+ 99
- 99
+ bd
- bd
+ be
- be
+ bf
- bf
+ bd
- bd
+ 99
- 99
+ 99
- 99
+ c0
+ c1
- c1
- c0
+ 99
- 99
+ 99
- 99
+ 99
- 99
+ bd
- bd
+ be
- be
+ bf
- bf
+ bd
- bd
+ 99
- 99
+ 99
- 99
+ c0
+ c1
- c1
- c0
+ 99
- 99
+ 99
- 99
+ 99
- 99
+ bd
- bd
+ be
- be
+ bf
- bf
+ bd
- bd
+ 99
- 99
+ 99
- 99
+ c0
+ c1
- c1
- c0
+ 99
- 99
+ 99
- 99
+ 99
- 99
+ bd
- bd
+ be
- be
+ bf
- bf
+ bd
- bd
+ 99
- 99
+ 99
- 99
+ c0
+ c1
- c1
- c0
+ 99
- 99
+ 99
- 99
+ 99
- 99
+ bd
- bd
+ be
- be
+ bf
@ 1 0 0
- bf
+ bd
- bd
+ 99
- 99
+ 99
- 99
+ c0
@ 0 0 1
+ c1
- c1
- c0
+ 99
- 99
+ 99
- 99
+ 99
- 99
+ bd
- bd
+ be
- be
+ bf
- bf
+ bd
- bd
+ 99
- 99
+ 99
- 99
+ c0
+ c1
- c1
- c0
+ 99
- 99
+ 99
- 99
+ 99
- 99
+ bd
- bd
+ be
- be
+ bf
- bf
+ bd
- bd
+ 99
- 99
+ 99
- 99
+ c0
+ c1
- c1
- c0
+ 99
- 99
+ 99
- 99
+ 99
- 99
+ bd
- bd
+ be
- be
+ bf
- bf
+ bd
- bd
+ 99
- 99
+ 99
- 99
+ c0
+ c1
- c1
- c0
+ 99
- 99
+ 99
- 99
+ 99
- 99
+ bd
- bd
+ be
- be
+ bf
- bf
+ bd
- bd
+ 99
- 99
+ 99
- 99
+ c0
+ c1
- c1
- c0
+ 99
- 99
+ 99
- 99
+ 99
- 99
+ bd
- bd
+ be
- be
+ bf
- bf
+ bd
- bd
+ 99
- 99
+ 99
- 99
+ c0
+ c1
- c1
- c0
+ 99
- 99
+ 99
- 99
+ 99
- 99
+ bd
- bd
+ be
- be
+ bf
- bf
+ bd
- bd
+ 99
- 99
+ 99
- 99
+ c0
+ c1
- c1
- c0
+ 99
- 99
+ 99
- 99
+ 99
- 99
+ bd
- bd
+ be
- be
+ bf
- bf
+ bd
- bd
+ 99
- 99
+ 99
- 99
+ c0
+ c1
- c1
- c0
+ 99
- 99
+ 99
- 99
+ 99
- 99
+ bd
- bd
+ be
- be
+ bf
- bf
+ bd
- bd
+ 99
- 99
+ 99
- 99
+ c0
+ c1
- c1
- c0
+ 99
- 99
+ 99
- 99
+ 99
- 99
+ bd
- bd
+ be
- be
+ bf
- bf
+ bd
- bd
+ 99
- 99
+ 99
- 99
+ c0
+ c1
- c1
- c0
+ 99
- 99
+ 99
- 99
+ 99
- 99
+ bd
- bd
+ be
- be
+ bf
- bf
+ bd
- bd
+ 99
- 99
+ 99
- 99
+ c0
+ c1
- c1
- c0
+ 99
- 99
+ 99
- 99
+ 99
- 99
+ bd
- bd
+ be
- be
+ bf
- bf
+ bd
- bd
+ 99
- 99
+ 99
- 99
+ c0
+ c1
- c1
- c0
+ 99
- 99
+ 99
- 99
+ 99
- 99
+ bd
- bd
+ be
- be
+ bf
- bf
+ bd
- bd
+ 99
- 99
+ 99
- 99
+ c0
+ c1
- c1
- c0
+ 99
- 99
+ 99
- 99
+ 99
- 99
+ bd
- bd
+ be
- be
+ bf
- bf
+ bd
- bd
+ 99
- 99
+ 99
- 99
+ c0
+ c1
- c1
- c0
+ 99
- 99
+ 99
- 99
+ 99
- 99
& c2 Digest::SHA BEGIN
+ c2
+ 9
- 9
- c2
+ c2
+ 14
- 14
- c2
+ c2
+ 85
- 85
- c2
& c3 MIME::Base64 BEGIN
+ c3
+ 9
- 9
- c3
+ c3
+ 24
- 24
- c3
+ 15
+ 16
- 16
+ 17
- 17
+ 18
- 18
+ 19
- 19
& c4 MIME::Base64 bootstrap
+ c4
- c4
- 15
@ 0 0 1
& c5 Digest::base BEGIN
+ c5
+ 9
- 9
- c5
+ c5
+ 24
- 24
- c5
+ 15
+ 16
- 16
+ 17
- 17
+ 18
- 18
+ 19
- 19
& c6 Digest::SHA bootstrap
+ c6
- c6
- 15
& c7 Digest::SHA new
+ c7
& c8 Digest::SHA shaopen
+ c8
- c8
- c7
& c9 Digest::SHA Addfile
+ c9
& ca Digest::SHA _addfile
+ ca
& cb Digest::SHA add
+ cb
- cb
+ cb
- cb
+ cb
- cb
+ cb
- cb
+ cb
- cb
+ cb
- cb
+ cb
- cb
+ cb
- cb
+ cb
- cb
+ cb
- cb
+ cb
- cb
+ cb
- cb
+ cb
- cb
+ cb
- cb
+ cb
- cb
+ cb
- cb
+ cb
- cb
+ cb
- cb
+ cb
- cb
+ cb
- cb
+ cb
- cb
+ cb
- cb
+ cb
- cb
+ cb
- cb
+ cb
- cb
+ cb
- cb
+ cb
- cb
+ cb
- cb
+ cb
- cb
+ cb
- cb
+ cb
- cb
+ cb
- cb
+ cb
- cb
+ cb
- cb
+ cb
- cb
+ cb
- cb
+ cb
- cb
+ cb
- cb
+ cb
- cb
+ cb
- cb
+ cb
- cb
+ cb
- cb
+ cb
- cb
+ cb
- cb
+ cb
- cb
+ cb
- cb
+ cb
- cb
+ cb
- cb
+ cb
- cb
+ cb
- cb
+ cb
- cb
+ cb
- cb
+ cb
- cb
+ cb
- cb
+ cb
- cb
+ cb
- cb
+ cb
- cb
+ cb
- cb
+ cb
- cb
+ cb
- cb
+ cb
- cb
+ cb
- cb
+ cb
- cb
+ cb
- cb
+ cb
- cb
+ cb
- cb
+ cb
- cb
+ cb
- cb
+ cb
- cb
+ cb
- cb
+ cb
- cb
+ cb
- cb
+ cb
- cb
+ cb
- cb
+ cb
- cb
+ cb
- cb
+ cb
- cb
+ cb
- cb
+ cb
- cb
+ cb
- cb
+ cb
- cb
+ cb
- cb
+ cb
- cb
+ cb
- cb
+ cb
- cb
+ cb
- cb
+ cb
- cb
+ cb
- cb
+ cb
- cb
+ cb
- cb
+ cb
- cb
+ cb
- cb
+ cb
- cb
+ cb
- cb
+ cb
- cb
+ cb
- cb
+ cb
- cb
+ cb
- cb
+ cb
- cb
+ cb
- cb
+ cb
- cb
+ cb
- cb
+ cb
- cb
+ cb
- cb
+ cb
- cb
+ cb
- cb
+ cb
- cb
+ cb
- cb
+ cb
- cb
+ cb
- cb
+ cb
- cb
+ cb
- cb
+ cb
- cb
+ cb
- cb
+ cb
- cb
+ cb
- cb
+ cb
- cb
+ cb
- cb
+ cb
- cb
+ cb
- cb
+ cb
- cb
+ cb
- cb
+ cb
- cb
+ cb
- cb
+ cb
- cb
+ cb
- cb
+ cb
- cb
+ cb
- cb
+ cb
- cb
+ cb
- cb
+ cb
- cb
+ cb
- cb
+ cb
- cb
+ cb
- cb
+ cb
- cb
+ cb
- cb
+ cb
- cb
+ cb
- cb
+ cb
- cb
+ cb
- cb
+ cb
- cb
+ cb
- cb
+ cb
- cb
+ cb
- cb
+ cb
- cb
+ cb
- cb
+ cb
- cb
+ cb
- cb
+ cb
- cb
+ cb
- cb
+ cb
- cb
+ cb
- cb
+ cb
- cb
+ cb
- cb
+ cb
- cb
+ cb
- cb
+ cb
- cb
- ca
- c9
& cc IO::Handle DESTROY
+ cc
- cc
@ 1 0 0
& cd Digest::base hexdigest
+ cd
& ce Digest::SHA digest
+ ce
- ce
- cd
& cf Digest::SHA DESTROY
+ cf
& d0 Digest::SHA shaclose
+ d0
- d0
- cf
+ 99
- 99
& d1 IO::Seekable tell
+ d1
- d1
+ 99
- 99
+ 99
- 99
& d2 IO::Handle close
+ d2
- d2
+ cc
- cc
+ cc
- cc
/ 2
& d3 File::Temp END
+ d3
& d4 File::Temp cleanup
+ d4
- d4
- d3
& d5 __par_pl END
+ d5
- d5
